# JRE version: Java(TM) SE Runtime Environment (17.0.7+8) (build 17.0.7+8-LTS-224)
# Java VM: Java HotSpot(TM) 64-Bit Server VM (17.0.7+8-LTS-224, mixed mode, sharing, tiered, compressed oops, compressed class ptrs, g1 gc, windows-amd64)
GC Precious Log:
 CPUs: 8 total, 8 available
 Memory: 16292M
 Large Page Support: Disabled
 NUMA Support: Disabled
 Compressed Oops: Enabled (Zero based)
 Heap Region Size: 2M
 Heap Min Capacity: 8M
 Heap Initial Capacity: 256M
 Heap Max Capacity: 4074M
 Pre-touch: Disabled
 Parallel Workers: 8
 Concurrent Workers: 2
 Concurrent Refinement Workers: 8
 Periodic GC: Disabled
Heap:
 garbage-first heap   total 96256K, used 25052K [0x0000000701600000, 0x0000000800000000)
  region size 2048K, 2 young (4096K), 1 survivors (2048K)
 Metaspace       used 52929K, committed 53696K, reserved 1097728K
  class space    used 6842K, committed 7168K, reserved 1048576K
GC Heap History (20 events):
Event: 13099.037 GC heap before
{Heap before GC invocations=25 (full 0):
 garbage-first heap   total 81920K, used 67823K [0x0000000701600000, 0x0000000800000000)
  region size 2048K, 22 young (45056K), 1 survivors (2048K)
 Metaspace       used 52915K, committed 53696K, reserved 1097728K
  class space    used 6840K, committed 7168K, reserved 1048576K
}
Event: 13099.041 GC heap after
{Heap after GC invocations=26 (full 0):
 garbage-first heap   total 81920K, used 24879K [0x0000000701600000, 0x0000000800000000)
  region size 2048K, 1 young (2048K), 1 survivors (2048K)
 Metaspace       used 52915K, committed 53696K, reserved 1097728K
  class space    used 6840K, committed 7168K, reserved 1048576K
}
Event: 15354.275 GC heap before
{Heap before GC invocations=26 (full 0):
 garbage-first heap   total 81920K, used 67887K [0x0000000701600000, 0x0000000800000000)
  region size 2048K, 22 young (45056K), 1 survivors (2048K)
 Metaspace       used 52921K, committed 53696K, reserved 1097728K
  class space    used 6841K, committed 7168K, reserved 1048576K
}
Event: 15354.282 GC heap after
{Heap after GC invocations=27 (full 0):
 garbage-first heap   total 81920K, used 24837K [0x0000000701600000, 0x0000000800000000)
  region size 2048K, 1 young (2048K), 1 survivors (2048K)
 Metaspace       used 52921K, committed 53696K, reserved 1097728K
  class space    used 6841K, committed 7168K, reserved 1048576K
}
Event: 17624.757 GC heap before
{Heap before GC invocations=28 (full 0):
 garbage-first heap   total 81920K, used 67845K [0x0000000701600000, 0x0000000800000000)
  region size 2048K, 22 young (45056K), 1 survivors (2048K)
 Metaspace       used 52922K, committed 53696K, reserved 1097728K
  class space    used 6841K, committed 7168K, reserved 1048576K
}
Event: 17624.763 GC heap after
{Heap after GC invocations=29 (full 0):
 garbage-first heap   total 116736K, used 24897K [0x0000000701600000, 0x0000000800000000)
  region size 2048K, 1 young (2048K), 1 survivors (2048K)
 Metaspace       used 52922K, committed 53696K, reserved 1097728K
  class space    used 6841K, committed 7168K, reserved 1048576K
}
Event: 21199.418 GC heap before
{Heap before GC invocations=29 (full 0):
 garbage-first heap   total 116736K, used 92481K [0x0000000701600000, 0x0000000800000000)
  region size 2048K, 34 young (69632K), 1 survivors (2048K)
 Metaspace       used 52928K, committed 53696K, reserved 1097728K
  class space    used 6842K, committed 7168K, reserved 1048576K
}
Event: 21199.420 GC heap after
{Heap after GC invocations=30 (full 0):
 garbage-first heap   total 116736K, used 24848K [0x0000000701600000, 0x0000000800000000)
  region size 2048K, 1 young (2048K), 1 survivors (2048K)
 Metaspace       used 52928K, committed 53696K, reserved 1097728K
  class space    used 6842K, committed 7168K, reserved 1048576K
}
Event: 24137.097 GC heap before
{Heap before GC invocations=31 (full 0):
 garbage-first heap   total 96256K, used 80144K [0x0000000701600000, 0x0000000800000000)
  region size 2048K, 28 young (57344K), 1 survivors (2048K)
 Metaspace       used 52929K, committed 53696K, reserved 1097728K
  class space    used 6842K, committed 7168K, reserved 1048576K
}
Event: 24137.103 GC heap after
{Heap after GC invocations=32 (full 0):
 garbage-first heap   total 96256K, used 24853K [0x0000000701600000, 0x0000000800000000)
  region size 2048K, 1 young (2048K), 1 survivors (2048K)
 Metaspace       used 52929K, committed 53696K, reserved 1097728K
  class space    used 6842K, committed 7168K, reserved 1048576K
}
Event: 24237.197 GC heap before
{Heap before GC invocations=32 (full 0):
 garbage-first heap   total 96256K, used 26901K [0x0000000701600000, 0x0000000800000000)
  region size 2048K, 2 young (4096K), 1 survivors (2048K)
 Metaspace       used 52929K, committed 53696K, reserved 1097728K
  class space    used 6842K, committed 7168K, reserved 1048576K
}
Event: 24237.206 GC heap after
{Heap after GC invocations=33 (full 0):
 garbage-first heap   total 96256K, used 24838K [0x0000000701600000, 0x0000000800000000)
  region size 2048K, 1 young (2048K), 1 survivors (2048K)
 Metaspace       used 52929K, committed 53696K, reserved 1097728K
  class space    used 6842K, committed 7168K, reserved 1048576K
}
Event: 27166.268 GC heap before
{Heap before GC invocations=33 (full 0):
 garbage-first heap   total 96256K, used 80134K [0x0000000701600000, 0x0000000800000000)
  region size 2048K, 28 young (57344K), 1 survivors (2048K)
 Metaspace       used 52929K, committed 53696K, reserved 1097728K
  class space    used 6842K, committed 7168K, reserved 1048576K
}
Event: 27166.278 GC heap after
{Heap after GC invocations=34 (full 0):
 garbage-first heap   total 96256K, used 24832K [0x0000000701600000, 0x0000000800000000)
  region size 2048K, 1 young (2048K), 1 survivors (2048K)
 Metaspace       used 52929K, committed 53696K, reserved 1097728K
  class space    used 6842K, committed 7168K, reserved 1048576K
}
Event: 30097.176 GC heap before
{Heap before GC invocations=35 (full 0):
 garbage-first heap   total 96256K, used 80128K [0x0000000701600000, 0x0000000800000000)
  region size 2048K, 28 young (57344K), 1 survivors (2048K)
 Metaspace       used 52929K, committed 53696K, reserved 1097728K
  class space    used 6842K, committed 7168K, reserved 1048576K
}
Event: 30097.182 GC heap after
{Heap after GC invocations=36 (full 0):
 garbage-first heap   total 96256K, used 24839K [0x0000000701600000, 0x0000000800000000)
  region size 2048K, 1 young (2048K), 1 survivors (2048K)
 Metaspace       used 52929K, committed 53696K, reserved 1097728K
  class space    used 6842K, committed 7168K, reserved 1048576K
}
Event: 30197.593 GC heap before
{Heap before GC invocations=36 (full 0):
 garbage-first heap   total 96256K, used 26887K [0x0000000701600000, 0x0000000800000000)
  region size 2048K, 2 young (4096K), 1 survivors (2048K)
 Metaspace       used 52929K, committed 53696K, reserved 1097728K
  class space    used 6842K, committed 7168K, reserved 1048576K
}
Event: 30197.597 GC heap after
{Heap after GC invocations=37 (full 0):
 garbage-first heap   total 96256K, used 24848K [0x0000000701600000, 0x0000000800000000)
  region size 2048K, 1 young (2048K), 1 survivors (2048K)
 Metaspace       used 52929K, committed 53696K, reserved 1097728K
  class space    used 6842K, committed 7168K, reserved 1048576K
}
Event: 33124.288 GC heap before
{Heap before GC invocations=37 (full 0):
 garbage-first heap   total 96256K, used 80144K [0x0000000701600000, 0x0000000800000000)
  region size 2048K, 28 young (57344K), 1 survivors (2048K)
 Metaspace       used 52929K, committed 53696K, reserved 1097728K
  class space    used 6842K, committed 7168K, reserved 1048576K
}
Event: 33124.290 GC heap after
{Heap after GC invocations=38 (full 0):
 garbage-first heap   total 96256K, used 25052K [0x0000000701600000, 0x0000000800000000)
  region size 2048K, 1 young (2048K), 1 survivors (2048K)
 Metaspace       used 52929K, committed 53696K, reserved 1097728K
  class space    used 6842K, committed 7168K, reserved 1048576K
}

